2015-05-09 13:34:56,306 INFO  File: Research.Api started
2015-05-09 13:34:56,379 INFO  File: DBSessionStorage.Purge
2015-05-09 13:34:56,404 INFO  File: db.config setting connection-string-regex is empty. Using default: (?:(?<engine>[^|]+?)\|)?(?<conn>[^|]+)
2015-05-09 13:34:56,414 INFO  File: iConnectionStringPreparer IS NULL, using StandardConnectionStringPreparer.Instance
2015-05-09 13:34:56,418 INFO  File: Decrypting connection string dbId=default
2015-05-09 13:34:56,533 INFO  File: Config section 'encrypting' not found. Check web.config!
2015-05-09 13:34:56,542 INFO  File: System.Exception: Error 'Failed to load direct softAES dbAccess encrypting profile.' in method DevReactor.Toolbox.BO.Database.ConnectionInfo+StandardConnectionStringPreparer.decryptPwd ---> System.Exception: Failed to load direct softAES dbAccess encrypting profile. ---> System.NullReferenceException: Object reference not set to an instance of an object.
   at DevReactor.Toolbox.BO.Database.ConnectionInfo.StandardConnectionStringPreparer.decryptPwd(String pwdSrc)
   --- End of inner exception stack trace ---
   --- End of inner exception stack trace ---
2015-05-09 13:34:56,551 INFO  File: System.Exception: Error 'Object reference not set to an instance of an object.' in method DevReactor.Toolbox.BO.Database.ConnectionInfo+StandardConnectionStringPreparer.decryptPwd ---> System.NullReferenceException: Object reference not set to an instance of an object.
   at DevReactor.Toolbox.BO.Database.ConnectionInfo.StandardConnectionStringPreparer.decryptPwd(String pwdSrc)
   --- End of inner exception stack trace ---
2015-05-09 13:34:56,554 INFO  File: Error decrypting db password. Using password as is.
2015-05-09 13:34:56,563 INFO  File: m_connectionStringsPrepared.Add(Server=.\SQL2012;User ID=sa;password=scauser1991;Database=ndr;Persist Security Info=True, Data Source=.\SQL2012;Initial Catalog=ndr;Persist Security Info=True;User ID=sa;Password=scauser1991)
2015-05-09 13:34:56,671 INFO  File: toolbox-command-timeout=30
2015-05-09 13:34:56,700 INFO  File: 
--Connection Open #47501665 MSSQL|default|Data Source=.\SQL2012;Initial Catalog=ndr;Persist Security Info=True;User ID=sa;Password=scauser1991
--Execution result: Failure
EXEC websession_purge

2015-05-09 13:34:56,709 ERROR File: Error 'Direct.Exec: websession_purge' in method DevReactor.Toolbox.BO.Database.Direct.Exec
System.Exception: Direct.Exec: websession_purge ---> System.Data.SqlClient.SqlException: Could not find stored procedure 'websession_purge'.
   at System.Data.SqlClient.SqlConnection.OnError(SqlException exception, Boolean breakConnection, Action`1 wrapCloseInAction)
   at System.Data.SqlClient.TdsParser.ThrowExceptionAndWarning(TdsParserStateObject stateObj, Boolean callerHasConnectionLock, Boolean asyncClose)
   at System.Data.SqlClient.TdsParser.TryRun(RunBehavior runBehavior, SqlCommand cmdHandler, SqlDataReader dataStream, BulkCopySimpleResultSet bulkCopyHandler, TdsParserStateObject stateObj, Boolean& dataReady)
   at System.Data.SqlClient.SqlCommand.FinishExecuteReader(SqlDataReader ds, RunBehavior runBehavior, String resetOptionsString)
   at System.Data.SqlClient.SqlCommand.RunExecuteReaderTds(CommandBehavior cmdBehavior, RunBehavior runBehavior, Boolean returnStream, Boolean async, Int32 timeout, Task& task, Boolean asyncWrite, SqlDataReader ds)
   at System.Data.SqlClient.SqlCommand.RunExecuteReader(CommandBehavior cmdBehavior, RunBehavior runBehavior, Boolean returnStream, String method, TaskCompletionSource`1 completion, Int32 timeout, Task& task, Boolean asyncWrite)
   at System.Data.SqlClient.SqlCommand.InternalExecuteNonQuery(TaskCompletionSource`1 completion, String methodName, Boolean sendToPipe, Int32 timeout, Boolean asyncWrite)
   at System.Data.SqlClient.SqlCommand.ExecuteNonQuery()
   at DevReactor.Toolbox.BO.Database.Direct.Exec(String dbId, IConnectionStringPreparer iConnectionStringPreparer, String query, PrepareCmd _prepareCmd, SPResultType resultType, CallingConvention callingConvention)
   --- End of inner exception stack trace ---
2015-05-09 13:34:56,721 ERROR File: Error 'Could not find stored procedure 'websession_purge'.' in method DevReactor.Toolbox.API.Sessions.DBSessionStorage.Purge
System.Data.SqlClient.SqlException (0x80131904): Could not find stored procedure 'websession_purge'.
   at DevReactor.Toolbox.BO.Database.Direct.Exec(String dbId, IConnectionStringPreparer iConnectionStringPreparer, String query, PrepareCmd _prepareCmd, SPResultType resultType, CallingConvention callingConvention)
   at DevReactor.Toolbox.API.Sessions.DBSessionStorage.Purge()
ClientConnectionId:f23bbfbd-9954-42a3-9a25-e943913a61b5
2015-05-09 13:55:56,533 INFO  File: Research.Api ended
