2015-05-10 12:51:59,135 INFO  File: db.config setting connection-string-regex is empty. Using default: (?:(?<engine>[^|]+?)\|)?(?<conn>[^|]+)
2015-05-10 12:51:59,161 INFO  File: Decrypting connection string dbId=default
2015-05-10 12:51:59,245 INFO  File: Config section 'encrypting' not found. Check web.config!
2015-05-10 12:51:59,280 INFO  File: System.Exception: Error 'Failed to load direct softAES dbAccess encrypting profile.' in method DevReactor.Toolbox.BO.Database.ConnectionInfo+StandardConnectionStringPreparer.decryptPwd ---> System.Exception: Failed to load direct softAES dbAccess encrypting profile. ---> System.NullReferenceException: Object reference not set to an instance of an object.
   at DevReactor.Toolbox.BO.Database.ConnectionInfo.StandardConnectionStringPreparer.decryptPwd(String pwdSrc)
   --- End of inner exception stack trace ---
   --- End of inner exception stack trace ---
2015-05-10 12:51:59,304 INFO  File: System.Exception: Error 'Object reference not set to an instance of an object.' in method DevReactor.Toolbox.BO.Database.ConnectionInfo+StandardConnectionStringPreparer.decryptPwd ---> System.NullReferenceException: Object reference not set to an instance of an object.
   at DevReactor.Toolbox.BO.Database.ConnectionInfo.StandardConnectionStringPreparer.decryptPwd(String pwdSrc)
   --- End of inner exception stack trace ---
2015-05-10 12:51:59,309 INFO  File: Error decrypting db password. Using password as is.
2015-05-10 12:51:59,317 INFO  File: m_connectionStringsPrepared.Add(Server=.\SQL2012;User ID=sa;password=scauser1991;Database=ndr;Persist Security Info=True, Data Source=.\SQL2012;Initial Catalog=ndr;Persist Security Info=True;User ID=sa;Password=scauser1991)
2015-05-10 12:51:59,358 INFO  File: toolbox-command-timeout=30
2015-05-10 12:51:59,519 INFO  File: 
--Connection Open #4673059 MSSQL|default|Data Source=.\SQL2012;Initial Catalog=ndr;Persist Security Info=True;User ID=sa;Password=scauser1991
EXEC Account_get	@pk = 1


2015-05-10 12:51:59,524 ERROR File: Error 'filter:Account:Account_get:&pk=1' in method DevReactor.Toolbox.BO.BaseObject`1.run
System.Exception: filter:Account:Account_get:&pk=1 ---> System.Data.SqlClient.SqlException: The multi-part identifier "answer.pk" could not be bound.
   at System.Data.SqlClient.SqlConnection.OnError(SqlException exception, Boolean breakConnection, Action`1 wrapCloseInAction)
   at System.Data.SqlClient.TdsParser.ThrowExceptionAndWarning(TdsParserStateObject stateObj, Boolean callerHasConnectionLock, Boolean asyncClose)
   at System.Data.SqlClient.TdsParser.TryRun(RunBehavior runBehavior, SqlCommand cmdHandler, SqlDataReader dataStream, BulkCopySimpleResultSet bulkCopyHandler, TdsParserStateObject stateObj, Boolean& dataReady)
   at System.Data.SqlClient.SqlDataReader.TryConsumeMetaData()
   at System.Data.SqlClient.SqlDataReader.get_MetaData()
   at System.Data.SqlClient.SqlCommand.FinishExecuteReader(SqlDataReader ds, RunBehavior runBehavior, String resetOptionsString)
   at System.Data.SqlClient.SqlCommand.RunExecuteReaderTds(CommandBehavior cmdBehavior, RunBehavior runBehavior, Boolean returnStream, Boolean async, Int32 timeout, Task& task, Boolean asyncWrite, SqlDataReader ds)
   at System.Data.SqlClient.SqlCommand.RunExecuteReader(CommandBehavior cmdBehavior, RunBehavior runBehavior, Boolean returnStream, String method, TaskCompletionSource`1 completion, Int32 timeout, Task& task, Boolean asyncWrite)
   at System.Data.SqlClient.SqlCommand.RunExecuteReader(CommandBehavior cmdBehavior, RunBehavior runBehavior, Boolean returnStream, String method)
   at System.Data.SqlClient.SqlCommand.ExecuteScalar()
   at DevReactor.Toolbox.BO.Database.MSSQL.Connection.ExecuteXmlString(Command cmd)
   at DevReactor.Toolbox.BO.Database.MSSQL.Connection.ExecuteXmlNav(Command cmd)
   at DevReactor.Toolbox.BO.Database.Command.ExecuteXmlNav()
   at DevReactor.Toolbox.BO.BaseObject`1.run(Filter filter)
   --- End of inner exception stack trace ---
2015-05-10 12:56:24,003 INFO  File: db.config setting connection-string-regex is empty. Using default: (?:(?<engine>[^|]+?)\|)?(?<conn>[^|]+)
2015-05-10 12:56:24,025 INFO  File: Decrypting connection string dbId=default
2015-05-10 12:56:24,063 INFO  File: Config section 'encrypting' not found. Check web.config!
2015-05-10 12:56:24,087 INFO  File: System.Exception: Error 'Failed to load direct softAES dbAccess encrypting profile.' in method DevReactor.Toolbox.BO.Database.ConnectionInfo+StandardConnectionStringPreparer.decryptPwd ---> System.Exception: Failed to load direct softAES dbAccess encrypting profile. ---> System.NullReferenceException: Object reference not set to an instance of an object.
   at DevReactor.Toolbox.BO.Database.ConnectionInfo.StandardConnectionStringPreparer.decryptPwd(String pwdSrc)
   --- End of inner exception stack trace ---
   --- End of inner exception stack trace ---
2015-05-10 12:56:24,110 INFO  File: System.Exception: Error 'Object reference not set to an instance of an object.' in method DevReactor.Toolbox.BO.Database.ConnectionInfo+StandardConnectionStringPreparer.decryptPwd ---> System.NullReferenceException: Object reference not set to an instance of an object.
   at DevReactor.Toolbox.BO.Database.ConnectionInfo.StandardConnectionStringPreparer.decryptPwd(String pwdSrc)
   --- End of inner exception stack trace ---
2015-05-10 12:56:24,115 INFO  File: Error decrypting db password. Using password as is.
2015-05-10 12:56:24,122 INFO  File: m_connectionStringsPrepared.Add(Server=.\SQL2012;User ID=sa;password=scauser1991;Database=ndr;Persist Security Info=True, Data Source=.\SQL2012;Initial Catalog=ndr;Persist Security Info=True;User ID=sa;Password=scauser1991)
2015-05-10 12:56:24,156 INFO  File: toolbox-command-timeout=30
2015-05-10 12:56:24,263 INFO  File: XMLToLowerCase.xslt loaded successfully
2015-05-10 12:56:24,288 INFO  File: 
--Connection Open #10589941 MSSQL|default|Data Source=.\SQL2012;Initial Catalog=ndr;Persist Security Info=True;User ID=sa;Password=scauser1991
--Took:  119 ms;
EXEC Account_get	@pk = 1


2015-05-10 12:56:24,315 ERROR File: Error 'Failed to load toolbox-baseobject-cache-get-standard settings in db.config. Using default instead.' in method DevReactor.Toolbox.BO.Filter.get_cCacheTimeGetStandard
System.Exception: Failed to load toolbox-baseobject-cache-get-standard settings in db.config. Using default instead. ---> System.ArgumentNullException: Value cannot be null.
Parameter name: String
   at System.Number.StringToNumber(String str, NumberStyles options, NumberBuffer& number, NumberFormatInfo info, Boolean parseDecimal)
   at System.Number.ParseInt32(String s, NumberStyles style, NumberFormatInfo info)
   at DevReactor.Toolbox.BO.Filter.get_cCacheTimeGetStandard()
   --- End of inner exception stack trace ---
2015-05-10 12:56:26,350 INFO  File: 
--Connection Open #60467532 MSSQL|default|Data Source=.\SQL2012;Initial Catalog=ndr;Persist Security Info=True;User ID=sa;Password=scauser1991
--Took:  047 ms;
EXEC Theme_get

2015-05-10 12:56:27,018 INFO  File: Finished
