2015-05-16 12:19:49,822 INFO  File: db.config setting connection-string-regex is empty. Using default: (?:(?<engine>[^|]+?)\|)?(?<conn>[^|]+)
2015-05-16 12:19:49,875 INFO  File: Decrypting connection string dbId=default
2015-05-16 12:19:50,238 INFO  File: Config section 'encrypting' not found. Check web.config!
2015-05-16 12:19:50,318 INFO  File: System.Exception: Error 'Failed to load direct softAES dbAccess encrypting profile.' in method DevReactor.Toolbox.BO.Database.ConnectionInfo+StandardConnectionStringPreparer.decryptPwd ---> System.Exception: Failed to load direct softAES dbAccess encrypting profile. ---> System.NullReferenceException: Object reference not set to an instance of an object.
   at DevReactor.Toolbox.BO.Database.ConnectionInfo.StandardConnectionStringPreparer.decryptPwd(String pwdSrc)
   --- End of inner exception stack trace ---
   --- End of inner exception stack trace ---
2015-05-16 12:19:50,395 INFO  File: System.Exception: Error 'Object reference not set to an instance of an object.' in method DevReactor.Toolbox.BO.Database.ConnectionInfo+StandardConnectionStringPreparer.decryptPwd ---> System.NullReferenceException: Object reference not set to an instance of an object.
   at DevReactor.Toolbox.BO.Database.ConnectionInfo.StandardConnectionStringPreparer.decryptPwd(String pwdSrc)
   --- End of inner exception stack trace ---
2015-05-16 12:19:50,403 INFO  File: Error decrypting db password. Using password as is.
2015-05-16 12:19:50,419 INFO  File: m_connectionStringsPrepared.Add(Server=.\SQL2012;User ID=sa;password=scauser1991;Database=ndr;Persist Security Info=True, Data Source=.\SQL2012;Initial Catalog=ndr;Persist Security Info=True;User ID=sa;Password=scauser1991)
2015-05-16 12:19:50,715 INFO  File: toolbox-command-timeout=30
2015-05-16 12:19:51,076 INFO  File: XMLToLowerCase.xslt loaded successfully
2015-05-16 12:19:51,135 INFO  File: 
--Connection Open #25671316 MSSQL|default|Data Source=.\SQL2012;Initial Catalog=ndr;Persist Security Info=True;User ID=sa;Password=scauser1991
--Took:  407 ms;
EXEC Account_get	@pk = 1


2015-05-16 12:19:51,168 ERROR File: Error 'Failed to load toolbox-baseobject-cache-get-standard settings in db.config. Using default instead.' in method DevReactor.Toolbox.BO.Filter.get_cCacheTimeGetStandard
System.Exception: Failed to load toolbox-baseobject-cache-get-standard settings in db.config. Using default instead. ---> System.ArgumentNullException: Value cannot be null.
Parameter name: String
   at System.Number.StringToNumber(String str, NumberStyles options, NumberBuffer& number, NumberFormatInfo info, Boolean parseDecimal)
   at System.Number.ParseInt32(String s, NumberStyles style, NumberFormatInfo info)
   at DevReactor.Toolbox.BO.Filter.get_cCacheTimeGetStandard()
   --- End of inner exception stack trace ---
